paymentsheet/build/intermediates/manifest_merge_blame_file/release/manifest-merger-blame-release-report.txt
1<?xml version="1.0" encoding="utf-8"?>
2<manifest xmlns:android="http://schemas.android.com/apk/res/android"
3    package="com.stripe.android.paymentsheet" >
4
5    <uses-sdk
6        android:minSdkVersion="21"
6-->src/main/AndroidManifest.xml
7        android:targetSdkVersion="31" />
7-->src/main/AndroidManifest.xml
8
9    <application>
9-->src/main/AndroidManifest.xml:5:5-14:19
10        <activity
10-->src/main/AndroidManifest.xml:6:9-9:40
11            android:name="com.stripe.android.paymentsheet.PaymentSheetActivity"
11-->src/main/AndroidManifest.xml:7:13-49
12            android:exported="false"
12-->src/main/AndroidManifest.xml:9:13-37
13            android:theme="@style/StripePaymentSheetDefaultTheme" />
13-->src/main/AndroidManifest.xml:8:13-66
14        <activity
14-->src/main/AndroidManifest.xml:10:9-13:40
15            android:name="com.stripe.android.paymentsheet.PaymentOptionsActivity"
15-->src/main/AndroidManifest.xml:11:13-51
16            android:exported="false"
16-->src/main/AndroidManifest.xml:13:13-37
17            android:theme="@style/StripePaymentSheetDefaultTheme" />
17-->src/main/AndroidManifest.xml:12:13-66
18    </application>
19
20</manifest>